0	1	mikroCPIC1618.exe -MSF -DBG -pP16F877A -DL -O11111114 -fo8 -N"D:\WorkShop @ TechShopBD\Line Following Robot\Program (05-11-2015)\Line Following Robot.mcppi" -SP"C:\Users\Public\Documents\Mikroelektronika\mikroC PRO for PIC\defs\" -SP"C:\Users\Public\Documents\Mikroelektronika\mikroC PRO for PIC\Uses\P16\" -SP"D:\WorkShop @ TechShopBD\Line Following Robot\Program (05-11-2015)\" -SP"C:\Users\FAHIM\Desktop\Program (05-11-2015)\" -SP"C:\Users\FAHIM\Desktop\WorkShop on Line Following Robot\Program (02-11-2015)\" -SP"D:\WorkShop @ TechShopBD\WorkShop 14 Aug\Program\WorkShop on Line Following Robot\Program (02-11-2015)\" -SP"D:\WorkShop @ TechShopBD\WorkShop 14 Aug\Program\WorkShop on Line Following Robot\New folder\" -SP"D:\WorkShop @ TechShopBD\WorkShop 14 Aug\Program\Line Following Robot\" -SP"D:\Line Following Robot\" -SP"D:\Robotic Workshop\Code\" -SP"C:\Users\Nur Mohammad\Desktop\Code\Code\" -SP"C:\Users\tlia\Desktop\Code\" -SP"G:\Line Follower Workshop\Code\" -SP"H:\Line Follower Workshop\Code\" -SP"C:\Users\Owner\Redwan_Dropbox\Dropbox\Pi Labs\Techshop\Line Follower Workshop\Code\" -SP"C:\Users\Owner\Desktop\Line Follower Workshop\Code\" -SP"D:\Techshopbd\MCU\PIC\line follower\" "Line Following Robot.c" "__Lib_Math.mcl" "__Lib_MathDouble.mcl" "__Lib_System.mcl" "__Lib_Delays.mcl" "__Lib_CType.mcl" "__Lib_CString.mcl" "__Lib_CStdlib.mcl" "__Lib_CMath.mcl" "__Lib_MemManager.mcl" "__Lib_Conversions.mcl" "__Lib_Sprinti.mcl" "__Lib_Sprintl.mcl" "__Lib_Time.mcl" "__Lib_Trigonometry.mcl" "__Lib_Button.mcl" "__Lib_Keypad4x4.mcl" "__Lib_Manchester.mcl" "__Lib_OneWire.mcl" "__Lib_PS2.mcl" "__Lib_Sound.mcl" "__Lib_SoftI2C.mcl" "__Lib_SoftSPI.mcl" "__Lib_SoftUART.mcl" "__Lib_ADC_A_C.mcl" "__Lib_EEPROM.mcl" "__Lib_FLASH_RW.mcl" "__Lib_I2C_c34.mcl" "__Lib_PWM_c21.mcl" "__Lib_SPI_c345.mcl" "__Lib_UART_c67.mcl" "__Lib_PortExpander.mcl" "__Lib_CANSPI.mcl" "__Lib_CF.mcl" "__Lib_GlcdFonts.mcl" "__Lib_Glcd.mcl" "__Lib_LcdConsts.mcl" "__Lib_Lcd.mcl" "__Lib_RS485.mcl" "__Lib_S1D13700.mcl" "__Lib_T6963C.mcl" "__Lib_SPIGlcd.mcl" "__Lib_SPILcd.mcl" "__Lib_SPILcd8.mcl" "__Lib_SPIT6963C.mcl" "__Lib_EthEnc28j60.mcl" "__Lib_EthEnc24j600.mcl" "__Lib_TouchPanel.mcl"	 
warning: 0	1501	Specified search path does not exist: 'C:\Users\FAHIM\Desktop\Program (05-11-2015)'	 
warning: 0	1501	Specified search path does not exist: 'C:\Users\FAHIM\Desktop\WorkShop on Line Following Robot\Program (02-11-2015)'	 
warning: 0	1501	Specified search path does not exist: 'D:\WorkShop @ TechShopBD\WorkShop 14 Aug\Program\WorkShop on Line Following Robot\New folder'	 
warning: 0	1501	Specified search path does not exist: 'D:\Line Following Robot'	 
warning: 0	1501	Specified search path does not exist: 'D:\Robotic Workshop\Code'	 
warning: 0	1501	Specified search path does not exist: 'C:\Users\Nur Mohammad\Desktop\Code\Code'	 
warning: 0	1501	Specified search path does not exist: 'C:\Users\tlia\Desktop\Code'	 
warning: 0	1501	Specified search path does not exist: 'G:\Line Follower Workshop\Code'	 
warning: 0	1501	Specified search path does not exist: 'H:\Line Follower Workshop\Code'	 
warning: 0	1501	Specified search path does not exist: 'C:\Users\Owner\Redwan_Dropbox\Dropbox\Pi Labs\Techshop\Line Follower Workshop\Code'	 
warning: 0	1501	Specified search path does not exist: 'C:\Users\Owner\Desktop\Line Follower Workshop\Code'	 
warning: 0	1501	Specified search path does not exist: 'D:\Techshopbd\MCU\PIC\line follower'	 
hint: 0	1139	Available RAM: 352 [bytes], Available ROM: 8192 [bytes]	 
diagnostics: 0	126	All files Preprocessed in 110 ms	 
diagnostics: 0	122	Compilation Started	Line Following Robot.c
diagnostics: 81	123	Compiled Successfully	Line Following Robot.c
diagnostics: 0	127	All files Compiled in 125 ms	 
hint: 0	1144	Used RAM (bytes): 13 (4%)  Free RAM (bytes): 339 (96%)	Used RAM (bytes): 13 (4%)  Free RAM (bytes): 339 (96%)
hint: 0	1144	Used ROM (program words): 454 (6%)  Free ROM (program words): 7738 (94%)	Used ROM (program words): 454 (6%)  Free ROM (program words): 7738 (94%)
diagnostics: 0	125	Project Linked Successfully	Line Following Robot.mcppi
diagnostics: 0	128	Linked in 343 ms	 
diagnostics: 0	129	Project 'Line Following Robot.mcppi' completed: 749 ms	 
diagnostics: 0	103	Finished successfully: 06 Nov 2015, 08:40:43	Line Following Robot.mcppi
